<?xml version="1.0" encoding="UTF-8"?>
<testng-results ignored="0" total="1" passed="1" failed="0" skipped="0">
  <reporter-output>
  </reporter-output>
  <suite started-at="2023-10-04T20:35:23 CDT" name="Default suite" finished-at="2023-10-04T20:35:38 CDT" duration-ms="15517">
    <groups>
    </groups>
    <test started-at="2023-10-04T20:35:23 CDT" name="Default test" finished-at="2023-10-04T20:35:38 CDT" duration-ms="15517">
      <class name="testpackage1.testNg_GetText">
        <test-method signature="f()[pri:0, instance:testpackage1.testNg_GetText@11392934]" started-at="2023-10-04T20:35:23 CDT" name="f" finished-at="2023-10-04T20:35:38 CDT" duration-ms="15470" status="PASS">
          <reporter-output>
          </reporter-output>
        </test-method> <!-- f -->
      </class> <!-- testpackage1.testNg_GetText -->
    </test> <!-- Default test -->
  </suite> <!-- Default suite -->
</testng-results>
